<?xml version="1.0" encoding="UTF-8"?>
<!-- Generated by org.testng.reporters.JUnitReportReporter -->
<testsuite hostname="Deeksha-PC" name="Academy.HomePage" tests="2" failures="0" timestamp="22 May 2020 08:00:56 GMT" time="36.134" errors="0">
  <testcase name="basePagNavigation" time="22.664" classname="Academy.HomePage"/>
  <testcase name="basePagNavigation" time="13.470" classname="Academy.HomePage"/>
</testsuite> <!-- Academy.HomePage -->
