<?xml version="1.0" encoding="UTF-8"?>
<!-- Generated by org.testng.reporters.JUnitReportReporter -->
<testsuite hostname="Deeksha-PC" name="Academy.ValidateNavigationBar" tests="1" failures="0" timestamp="22 May 2020 12:48:11 GMT" time="0.677" errors="0">
  <testcase name="basePagNavigation" time="0.677" classname="Academy.ValidateNavigationBar"/>
</testsuite> <!-- Academy.ValidateNavigationBar -->
